<?xml version="1.0" encoding="UTF-8"?>
<coverage generated="1728692692458" clover="3.2.0">
  <project timestamp="1728692692459" name="All files">
    <metrics statements="17" coveredstatements="17" conditionals="16" coveredconditionals="16" methods="5" coveredmethods="5" elements="38" coveredelements="38" complexity="0" loc="17" ncloc="17" packages="1" files="1" classes="1"/>
    <file name="Calculadora.js" path="C:\Users\anabh\OneDrive\Documentos\IESB\2024.2\Manutenção e DevOps\aula-pipelineTDD\src\Calculadora.js">
      <metrics statements="17" coveredstatements="17" conditionals="16" coveredconditionals="16" methods="5" coveredmethods="5"/>
      <line num="5" count="5" type="stmt"/>
      <line num="9" count="9" type="stmt"/>
      <line num="13" count="5" type="cond" truecount="2" falsecount="0"/>
      <line num="14" count="3" type="stmt"/>
      <line num="16" count="5" type="cond" truecount="4" falsecount="0"/>
      <line num="17" count="2" type="stmt"/>
      <line num="19" count="3" type="stmt"/>
      <line num="23" count="5" type="cond" truecount="2" falsecount="0"/>
      <line num="24" count="3" type="stmt"/>
      <line num="26" count="2" type="stmt"/>
      <line num="30" count="6" type="cond" truecount="2" falsecount="0"/>
      <line num="31" count="2" type="stmt"/>
      <line num="33" count="6" type="cond" truecount="4" falsecount="0"/>
      <line num="34" count="2" type="stmt"/>
      <line num="36" count="4" type="cond" truecount="2" falsecount="0"/>
      <line num="38" count="2" type="stmt"/>
      <line num="43" count="1" type="stmt"/>
    </file>
  </project>
</coverage>
