<?xml version="1.0" encoding="UTF-8"?>
<coverage generated="1728688981919" clover="3.2.0">
  <project timestamp="1728688981919" name="All files">
    <metrics statements="14" coveredstatements="14" conditionals="14" coveredconditionals="14" methods="5" coveredmethods="5" elements="33" coveredelements="33" complexity="0" loc="14" ncloc="14" packages="1" files="1" classes="1"/>
    <file name="Calculadora.js" path="C:\Users\anabh\OneDrive\Documentos\IESB\2024.2\Manutenção e DevOps\aula-pipelineTDD\src\Calculadora.js">
      <metrics statements="14" coveredstatements="14" conditionals="14" coveredconditionals="14" methods="5" coveredmethods="5"/>
      <line num="6" count="5" type="stmt"/>
      <line num="10" count="8" type="stmt"/>
      <line num="14" count="4" type="cond" truecount="2" falsecount="0"/>
      <line num="15" count="3" type="stmt"/>
      <line num="17" count="4" type="cond" truecount="4" falsecount="0"/>
      <line num="18" count="2" type="stmt"/>
      <line num="20" count="2" type="stmt"/>
      <line num="28" count="6" type="cond" truecount="2" falsecount="0"/>
      <line num="29" count="2" type="stmt"/>
      <line num="31" count="6" type="cond" truecount="4" falsecount="0"/>
      <line num="32" count="2" type="stmt"/>
      <line num="34" count="4" type="cond" truecount="2" falsecount="0"/>
      <line num="36" count="2" type="stmt"/>
      <line num="41" count="1" type="stmt"/>
    </file>
  </project>
</coverage>
