{"C:\\Users\\anabh\\OneDrive\\Documentos\\IESB\\2024.2\\Manutenção e DevOps\\aula-pipelineTDD\\src\\Calculadora.js": {"path":"C:\\Users\\anabh\\OneDrive\\Documentos\\IESB\\2024.2\\Manutenção e DevOps\\aula-pipelineTDD\\src\\Calculadora.js","statementMap":{"0":{"start":{"line":6,"column":6},"end":{"line":6,"column":26}},"1":{"start":{"line":10,"column":6},"end":{"line":10,"column":29}},"2":{"start":{"line":14,"column":6},"end":{"line":16,"column":7}},"3":{"start":{"line":15,"column":8},"end":{"line":15,"column":26}},"4":{"start":{"line":17,"column":6},"end":{"line":19,"column":7}},"5":{"start":{"line":18,"column":8},"end":{"line":18,"column":69}},"6":{"start":{"line":20,"column":6},"end":{"line":20,"column":31}},"7":{"start":{"line":28,"column":6},"end":{"line":30,"column":7}},"8":{"start":{"line":29,"column":8},"end":{"line":29,"column":26}},"9":{"start":{"line":31,"column":6},"end":{"line":33,"column":7}},"10":{"start":{"line":32,"column":8},"end":{"line":32,"column":69}},"11":{"start":{"line":34,"column":6},"end":{"line":34,"column":66}},"12":{"start":{"line":34,"column":23},"end":{"line":34,"column":66}},"13":{"start":{"line":36,"column":6},"end":{"line":36,"column":32}},"14":{"start":{"line":41,"column":2},"end":{"line":41,"column":31}}},"fnMap":{"0":{"name":"(anonymous_0)","decl":{"start":{"line":5,"column":4},"end":{"line":5,"column":5}},"loc":{"start":{"line":5,"column":18},"end":{"line":7,"column":5}},"line":5},"1":{"name":"(anonymous_1)","decl":{"start":{"line":9,"column":4},"end":{"line":9,"column":5}},"loc":{"start":{"line":9,"column":20},"end":{"line":11,"column":5}},"line":9},"2":{"name":"(anonymous_2)","decl":{"start":{"line":13,"column":4},"end":{"line":13,"column":5}},"loc":{"start":{"line":13,"column":26},"end":{"line":21,"column":5}},"line":13},"3":{"name":"(anonymous_3)","decl":{"start":{"line":23,"column":4},"end":{"line":23,"column":5}},"loc":{"start":{"line":23,"column":17},"end":{"line":25,"column":5}},"line":23},"4":{"name":"(anonymous_4)","decl":{"start":{"line":27,"column":4},"end":{"line":27,"column":5}},"loc":{"start":{"line":27,"column":20},"end":{"line":37,"column":5}},"line":27}},"branchMap":{"0":{"loc":{"start":{"line":14,"column":6},"end":{"line":16,"column":7}},"type":"if","locations":[{"start":{"line":14,"column":6},"end":{"line":16,"column":7}},{"start":{},"end":{}}],"line":14},"1":{"loc":{"start":{"line":17,"column":6},"end":{"line":19,"column":7}},"type":"if","locations":[{"start":{"line":17,"column":6},"end":{"line":19,"column":7}},{"start":{},"end":{}}],"line":17},"2":{"loc":{"start":{"line":17,"column":9},"end":{"line":17,"column":52}},"type":"binary-expr","locations":[{"start":{"line":17,"column":9},"end":{"line":17,"column":22}},{"start":{"line":17,"column":26},"end":{"line":17,"column":52}}],"line":17},"3":{"loc":{"start":{"line":28,"column":6},"end":{"line":30,"column":7}},"type":"if","locations":[{"start":{"line":28,"column":6},"end":{"line":30,"column":7}},{"start":{},"end":{}}],"line":28},"4":{"loc":{"start":{"line":31,"column":6},"end":{"line":33,"column":7}},"type":"if","locations":[{"start":{"line":31,"column":6},"end":{"line":33,"column":7}},{"start":{},"end":{}}],"line":31},"5":{"loc":{"start":{"line":31,"column":9},"end":{"line":31,"column":52}},"type":"binary-expr","locations":[{"start":{"line":31,"column":9},"end":{"line":31,"column":22}},{"start":{"line":31,"column":26},"end":{"line":31,"column":52}}],"line":31},"6":{"loc":{"start":{"line":34,"column":6},"end":{"line":34,"column":66}},"type":"if","locations":[{"start":{"line":34,"column":6},"end":{"line":34,"column":66}},{"start":{},"end":{}}],"line":34}},"s":{"0":5,"1":8,"2":4,"3":3,"4":4,"5":2,"6":2,"7":6,"8":2,"9":6,"10":2,"11":4,"12":2,"13":2,"14":1},"f":{"0":5,"1":8,"2":4,"3":1,"4":6},"b":{"0":[3,1],"1":[2,2],"2":[4,2],"3":[2,4],"4":[2,4],"5":[6,5],"6":[2,2]},"_coverageSchema":"1a1c01bbd47fc00a2c39e90264f33305004495a9","hash":"df8ff20905deb37ad5463d0fedd580d513c0d985"}
}
