TN:
SF:src\Calculadora.js
FN:5,(anonymous_0)
FN:9,(anonymous_1)
FN:13,(anonymous_2)
FN:23,(anonymous_3)
FN:27,(anonymous_4)
FNF:5
FNH:5
FNDA:5,(anonymous_0)
FNDA:8,(anonymous_1)
FNDA:4,(anonymous_2)
FNDA:1,(anonymous_3)
FNDA:6,(anonymous_4)
DA:6,5
DA:10,8
DA:14,4
DA:15,3
DA:17,4
DA:18,2
DA:20,2
DA:28,6
DA:29,2
DA:31,6
DA:32,2
DA:34,4
DA:36,2
DA:41,1
LF:14
LH:14
BRDA:14,0,0,3
BRDA:14,0,1,1
BRDA:17,1,0,2
BRDA:17,1,1,2
BRDA:17,2,0,4
BRDA:17,2,1,2
BRDA:28,3,0,2
BRDA:28,3,1,4
BRDA:31,4,0,2
BRDA:31,4,1,4
BRDA:31,5,0,6
BRDA:31,5,1,5
BRDA:34,6,0,2
BRDA:34,6,1,2
BRF:14
BRH:14
end_of_record
