TN:
SF:src\Calculadora.js
FN:4,(anonymous_0)
FN:8,(anonymous_1)
FN:12,(anonymous_2)
FN:22,(anonymous_3)
FN:29,(anonymous_4)
FNF:5
FNH:5
FNDA:5,(anonymous_0)
FNDA:9,(anonymous_1)
FNDA:5,(anonymous_2)
FNDA:5,(anonymous_3)
FNDA:6,(anonymous_4)
DA:5,5
DA:9,9
DA:13,5
DA:14,3
DA:16,5
DA:17,2
DA:19,3
DA:23,5
DA:24,3
DA:26,2
DA:30,6
DA:31,2
DA:33,6
DA:34,2
DA:36,4
DA:38,2
DA:43,1
LF:17
LH:17
BRDA:13,0,0,3
BRDA:13,0,1,2
BRDA:16,1,0,2
BRDA:16,1,1,3
BRDA:16,2,0,5
BRDA:16,2,1,3
BRDA:23,3,0,3
BRDA:23,3,1,2
BRDA:30,4,0,2
BRDA:30,4,1,4
BRDA:33,5,0,2
BRDA:33,5,1,4
BRDA:33,6,0,6
BRDA:33,6,1,5
BRDA:36,7,0,2
BRDA:36,7,1,2
BRF:16
BRH:16
end_of_record
